0 info it worked if it ends with ok
1 verbose cli [ '/usr/bin/node', '/usr/bin/npm', 'install', 'postman-cli' ]
2 info using npm@3.10.10
3 info using node@v6.12.3
4 silly loadCurrentTree Starting
5 silly install loadCurrentTree
6 silly install readLocalPackageData
7 silly fetchPackageMetaData postman-cli
8 silly fetchNamedPackageData postman-cli
9 silly mapToRegistry name postman-cli
10 silly mapToRegistry using default registry
11 silly mapToRegistry registry https://registry.npmjs.org/
12 silly mapToRegistry data Result {
12 silly mapToRegistry   raw: 'postman-cli',
12 silly mapToRegistry   scope: null,
12 silly mapToRegistry   escapedName: 'postman-cli',
12 silly mapToRegistry   name: 'postman-cli',
12 silly mapToRegistry   rawSpec: '',
12 silly mapToRegistry   spec: 'latest',
12 silly mapToRegistry   type: 'tag' }
13 silly mapToRegistry uri https://registry.npmjs.org/postman-cli
14 verbose request uri https://registry.npmjs.org/postman-cli
15 verbose request no auth needed
16 info attempt registry request try #1 at 5:19:37 PM
17 verbose request id ef9654b6610c241c
18 verbose etag "56e1cd4c-54a"
19 verbose lastModified Thu, 10 Mar 2016 19:38:52 GMT
20 http request GET https://registry.npmjs.org/postman-cli
21 http 304 https://registry.npmjs.org/postman-cli
22 verbose headers { date: 'Tue, 27 Feb 2018 11:49:39 GMT',
22 verbose headers   via: '1.1 varnish',
22 verbose headers   'cache-control': 'max-age=300',
22 verbose headers   etag: '"56e1cd4c-54a"',
22 verbose headers   age: '58',
22 verbose headers   connection: 'keep-alive',
22 verbose headers   'x-served-by': 'cache-cdg8733-CDG',
22 verbose headers   'x-cache': 'HIT',
22 verbose headers   'x-cache-hits': '1',
22 verbose headers   'x-timer': 'S1519732179.241380,VS0,VE1',
22 verbose headers   vary: 'Accept-Encoding, Accept' }
23 silly get cb [ 304,
23 silly get   { date: 'Tue, 27 Feb 2018 11:49:39 GMT',
23 silly get     via: '1.1 varnish',
23 silly get     'cache-control': 'max-age=300',
23 silly get     etag: '"56e1cd4c-54a"',
23 silly get     age: '58',
23 silly get     connection: 'keep-alive',
23 silly get     'x-served-by': 'cache-cdg8733-CDG',
23 silly get     'x-cache': 'HIT',
23 silly get     'x-cache-hits': '1',
23 silly get     'x-timer': 'S1519732179.241380,VS0,VE1',
23 silly get     vary: 'Accept-Encoding, Accept' } ]
24 verbose etag https://registry.npmjs.org/postman-cli from cache
25 verbose get saving postman-cli to /home/ajay/.npm/registry.npmjs.org/postman-cli/.cache.json
26 verbose correctMkdir /home/ajay/.npm correctMkdir not in flight; initializing
27 silly install normalizeTree
28 silly loadCurrentTree Finishing
29 silly loadIdealTree Starting
30 silly install loadIdealTree
31 silly cloneCurrentTree Starting
32 silly install cloneCurrentTreeToIdealTree
33 silly cloneCurrentTree Finishing
34 silly loadShrinkwrap Starting
35 silly install loadShrinkwrap
36 silly loadShrinkwrap Finishing
37 silly loadAllDepsIntoIdealTree Starting
38 silly install loadAllDepsIntoIdealTree
39 silly resolveWithNewModule postman-cli@0.0.0-alpha.0 checking installable status
40 silly cache add args [ 'postman-cli', null ]
41 verbose cache add spec postman-cli
42 silly cache add parsed spec Result {
42 silly cache add   raw: 'postman-cli',
42 silly cache add   scope: null,
42 silly cache add   escapedName: 'postman-cli',
42 silly cache add   name: 'postman-cli',
42 silly cache add   rawSpec: '',
42 silly cache add   spec: 'latest',
42 silly cache add   type: 'tag' }
43 silly addNamed postman-cli@latest
44 verbose addNamed "latest" is being treated as a dist-tag for postman-cli
45 info addNameTag [ 'postman-cli', 'latest' ]
46 silly mapToRegistry name postman-cli
47 silly mapToRegistry using default registry
48 silly mapToRegistry registry https://registry.npmjs.org/
49 silly mapToRegistry data Result {
49 silly mapToRegistry   raw: 'postman-cli',
49 silly mapToRegistry   scope: null,
49 silly mapToRegistry   escapedName: 'postman-cli',
49 silly mapToRegistry   name: 'postman-cli',
49 silly mapToRegistry   rawSpec: '',
49 silly mapToRegistry   spec: 'latest',
49 silly mapToRegistry   type: 'tag' }
50 silly mapToRegistry uri https://registry.npmjs.org/postman-cli
51 verbose addNameTag registry:https://registry.npmjs.org/postman-cli not in flight; fetching
52 verbose get https://registry.npmjs.org/postman-cli not expired, no request
53 silly addNameTag next cb for postman-cli with tag latest
54 silly addNamed postman-cli@0.0.0-alpha.0
55 verbose addNamed "0.0.0-alpha.0" is a plain semver version for postman-cli
56 silly cache afterAdd postman-cli@0.0.0-alpha.0
57 verbose afterAdd /home/ajay/.npm/postman-cli/0.0.0-alpha.0/package/package.json not in flight; writing
58 verbose correctMkdir /home/ajay/.npm correctMkdir not in flight; initializing
59 verbose afterAdd /home/ajay/.npm/postman-cli/0.0.0-alpha.0/package/package.json written
60 silly loadAllDepsIntoIdealTree Finishing
61 silly loadIdealTree Finishing
62 silly currentTree home_library@
62 silly currentTree `-- postman-cli@0.0.0-alpha.0
63 silly idealTree home_library@
63 silly idealTree `-- postman-cli@0.0.0-alpha.0
64 silly generateActionsToTake Starting
65 silly install generateActionsToTake
66 warn checkPermissions Missing write access to /home/ajay/Angular5-Rails/home_library/node_modules
67 silly rollbackFailedOptional Starting
68 silly rollbackFailedOptional Finishing
69 silly runTopLevelLifecycles Finishing
70 silly install printInstalled
71 verbose stack Error: EACCES: permission denied, access '/home/ajay/Angular5-Rails/home_library/node_modules'
71 verbose stack     at Error (native)
72 verbose cwd /home/ajay/Angular5-Rails/home_library
73 error Linux 4.10.0-42-generic
74 error argv "/usr/bin/node" "/usr/bin/npm" "install" "postman-cli"
75 error node v6.12.3
76 error npm  v3.10.10
77 error path /home/ajay/Angular5-Rails/home_library/node_modules
78 error code EACCES
79 error errno -13
80 error syscall access
81 error Error: EACCES: permission denied, access '/home/ajay/Angular5-Rails/home_library/node_modules'
81 error     at Error (native)
81 error  { Error: EACCES: permission denied, access '/home/ajay/Angular5-Rails/home_library/node_modules'
81 error     at Error (native)
81 error   errno: -13,
81 error   code: 'EACCES',
81 error   syscall: 'access',
81 error   path: '/home/ajay/Angular5-Rails/home_library/node_modules' }
82 error Please try running this command again as root/Administrator.
83 verbose exit [ -13, true ]
